# JRE version: Java(TM) SE Runtime Environment (8.0_221-b11) (build 1.8.0_221-b11)
# Java VM: Java HotSpot(TM) 64-Bit Server VM (25.221-b11 mixed mode windows-amd64 compressed oops)
Heap:
 PSYoungGen      total 37888K, used 7621K [0x00000000d6200000, 0x00000000dae00000, 0x0000000100000000)
  eden space 32768K, 11% used [0x00000000d6200000,0x00000000d65cfe00,0x00000000d8200000)
  from space 5120K, 72% used [0x00000000d8200000,0x00000000d85a1638,0x00000000d8700000)
  to   space 8704K, 0% used [0x00000000da580000,0x00000000da580000,0x00000000dae00000)
 ParOldGen       total 46080K, used 5216K [0x0000000082600000, 0x0000000085300000, 0x00000000d6200000)
  object space 46080K, 11% used [0x0000000082600000,0x0000000082b180a8,0x0000000085300000)
 Metaspace       used 24035K, capacity 24908K, committed 25136K, reserved 1073152K
  class space    used 3169K, capacity 3371K, committed 3376K, reserved 1048576K
GC Heap History (10 events):
Event: 7.589 GC heap before
{Heap before GC invocations=4 (full 0):
 PSYoungGen      total 37888K, used 37665K [0x00000000d6200000, 0x00000000d8c00000, 0x0000000100000000)
  eden space 32768K, 100% used [0x00000000d6200000,0x00000000d8200000,0x00000000d8200000)
  from space 5120K, 95% used [0x00000000d8200000,0x00000000d86c8688,0x00000000d8700000)
  to   space 5120K, 0% used [0x00000000d8700000,0x00000000d8700000,0x00000000d8c00000)
 ParOldGen       total 86016K, used 412K [0x0000000082600000, 0x0000000087a00000, 0x00000000d6200000)
  object space 86016K, 0% used [0x0000000082600000,0x00000000826671b0,0x0000000087a00000)
 Metaspace       used 17333K, capacity 17808K, committed 18048K, reserved 1064960K
  class space    used 2171K, capacity 2309K, committed 2432K, reserved 1048576K
Event: 7.603 GC heap after
Heap after GC invocations=4 (full 0):
 PSYoungGen      total 37888K, used 5119K [0x00000000d6200000, 0x00000000d8c00000, 0x0000000100000000)
  eden space 32768K, 0% used [0x00000000d6200000,0x00000000d6200000,0x00000000d8200000)
  from space 5120K, 99% used [0x00000000d8700000,0x00000000d8bffc80,0x00000000d8c00000)
  to   space 5120K, 0% used [0x00000000d8200000,0x00000000d8200000,0x00000000d8700000)
 ParOldGen       total 86016K, used 3286K [0x0000000082600000, 0x0000000087a00000, 0x00000000d6200000)
  object space 86016K, 3% used [0x0000000082600000,0x0000000082935940,0x0000000087a00000)
 Metaspace       used 17333K, capacity 17808K, committed 18048K, reserved 1064960K
  class space    used 2171K, capacity 2309K, committed 2432K, reserved 1048576K
}
Event: 8.222 GC heap before
{Heap before GC invocations=5 (full 0):
 PSYoungGen      total 37888K, used 37887K [0x00000000d6200000, 0x00000000d8c00000, 0x0000000100000000)
  eden space 32768K, 100% used [0x00000000d6200000,0x00000000d8200000,0x00000000d8200000)
  from space 5120K, 99% used [0x00000000d8700000,0x00000000d8bffc80,0x00000000d8c00000)
  to   space 5120K, 0% used [0x00000000d8200000,0x00000000d8200000,0x00000000d8700000)
 ParOldGen       total 86016K, used 3286K [0x0000000082600000, 0x0000000087a00000, 0x00000000d6200000)
  object space 86016K, 3% used [0x0000000082600000,0x0000000082935940,0x0000000087a00000)
 Metaspace       used 20464K, capacity 21114K, committed 21296K, reserved 1067008K
  class space    used 2655K, capacity 2820K, committed 2864K, reserved 1048576K
Event: 8.231 GC heap after
Heap after GC invocations=5 (full 0):
 PSYoungGen      total 37888K, used 5117K [0x00000000d6200000, 0x00000000d8c00000, 0x0000000100000000)
  eden space 32768K, 0% used [0x00000000d6200000,0x00000000d6200000,0x00000000d8200000)
  from space 5120K, 99% used [0x00000000d8200000,0x00000000d86ff440,0x00000000d8700000)
  to   space 5120K, 0% used [0x00000000d8700000,0x00000000d8700000,0x00000000d8c00000)
 ParOldGen       total 86016K, used 5877K [0x0000000082600000, 0x0000000087a00000, 0x00000000d6200000)
  object space 86016K, 6% used [0x0000000082600000,0x0000000082bbd440,0x0000000087a00000)
 Metaspace       used 20464K, capacity 21114K, committed 21296K, reserved 1067008K
  class space    used 2655K, capacity 2820K, committed 2864K, reserved 1048576K
}
Event: 8.279 GC heap before
{Heap before GC invocations=6 (full 0):
 PSYoungGen      total 37888K, used 7362K [0x00000000d6200000, 0x00000000d8c00000, 0x0000000100000000)
  eden space 32768K, 6% used [0x00000000d6200000,0x00000000d6431430,0x00000000d8200000)
  from space 5120K, 99% used [0x00000000d8200000,0x00000000d86ff440,0x00000000d8700000)
  to   space 5120K, 0% used [0x00000000d8700000,0x00000000d8700000,0x00000000d8c00000)
 ParOldGen       total 86016K, used 5877K [0x0000000082600000, 0x0000000087a00000, 0x00000000d6200000)
  object space 86016K, 6% used [0x0000000082600000,0x0000000082bbd440,0x0000000087a00000)
 Metaspace       used 20700K, capacity 21284K, committed 21296K, reserved 1067008K
  class space    used 2693K, capacity 2855K, committed 2864K, reserved 1048576K
Event: 8.285 GC heap after
Heap after GC invocations=6 (full 0):
 PSYoungGen      total 37888K, used 5099K [0x00000000d6200000, 0x00000000d8c00000, 0x0000000100000000)
  eden space 32768K, 0% used [0x00000000d6200000,0x00000000d6200000,0x00000000d8200000)
  from space 5120K, 99% used [0x00000000d8700000,0x00000000d8bfac38,0x00000000d8c00000)
  to   space 5120K, 0% used [0x00000000d8200000,0x00000000d8200000,0x00000000d8700000)
 ParOldGen       total 86016K, used 6107K [0x0000000082600000, 0x0000000087a00000, 0x00000000d6200000)
  object space 86016K, 7% used [0x0000000082600000,0x0000000082bf6da0,0x0000000087a00000)
 Metaspace       used 20700K, capacity 21284K, committed 21296K, reserved 1067008K
  class space    used 2693K, capacity 2855K, committed 2864K, reserved 1048576K
}
Event: 8.285 GC heap before
{Heap before GC invocations=7 (full 1):
 PSYoungGen      total 37888K, used 5099K [0x00000000d6200000, 0x00000000d8c00000, 0x0000000100000000)
  eden space 32768K, 0% used [0x00000000d6200000,0x00000000d6200000,0x00000000d8200000)
  from space 5120K, 99% used [0x00000000d8700000,0x00000000d8bfac38,0x00000000d8c00000)
  to   space 5120K, 0% used [0x00000000d8200000,0x00000000d8200000,0x00000000d8700000)
 ParOldGen       total 86016K, used 6107K [0x0000000082600000, 0x0000000087a00000, 0x00000000d6200000)
  object space 86016K, 7% used [0x0000000082600000,0x0000000082bf6da0,0x0000000087a00000)
 Metaspace       used 20700K, capacity 21284K, committed 21296K, reserved 1067008K
  class space    used 2693K, capacity 2855K, committed 2864K, reserved 1048576K
Event: 8.330 GC heap after
Heap after GC invocations=7 (full 1):
 PSYoungGen      total 37888K, used 0K [0x00000000d6200000, 0x00000000d8c00000, 0x0000000100000000)
  eden space 32768K, 0% used [0x00000000d6200000,0x00000000d6200000,0x00000000d8200000)
  from space 5120K, 0% used [0x00000000d8700000,0x00000000d8700000,0x00000000d8c00000)
  to   space 5120K, 0% used [0x00000000d8200000,0x00000000d8200000,0x00000000d8700000)
 ParOldGen       total 46080K, used 5208K [0x0000000082600000, 0x0000000085300000, 0x00000000d6200000)
  object space 46080K, 11% used [0x0000000082600000,0x0000000082b160a8,0x0000000085300000)
 Metaspace       used 20699K, capacity 21278K, committed 21296K, reserved 1067008K
  class space    used 2693K, capacity 2854K, committed 2864K, reserved 1048576K
}
Event: 10.572 GC heap before
{Heap before GC invocations=8 (full 1):
 PSYoungGen      total 37888K, used 32768K [0x00000000d6200000, 0x00000000d8c00000, 0x0000000100000000)
  eden space 32768K, 100% used [0x00000000d6200000,0x00000000d8200000,0x00000000d8200000)
  from space 5120K, 0% used [0x00000000d8700000,0x00000000d8700000,0x00000000d8c00000)
  to   space 5120K, 0% used [0x00000000d8200000,0x00000000d8200000,0x00000000d8700000)
 ParOldGen       total 46080K, used 5208K [0x0000000082600000, 0x0000000085300000, 0x00000000d6200000)
  object space 46080K, 11% used [0x0000000082600000,0x0000000082b160a8,0x0000000085300000)
 Metaspace       used 23568K, capacity 24512K, committed 24624K, reserved 1071104K
  class space    used 3107K, capacity 3329K, committed 3376K, reserved 1048576K
Event: 10.576 GC heap after
Heap after GC invocations=8 (full 1):
 PSYoungGen      total 37888K, used 3717K [0x00000000d6200000, 0x00000000dae00000, 0x0000000100000000)
  eden space 32768K, 0% used [0x00000000d6200000,0x00000000d6200000,0x00000000d8200000)
  from space 5120K, 72% used [0x00000000d8200000,0x00000000d85a1638,0x00000000d8700000)
  to   space 8704K, 0% used [0x00000000da580000,0x00000000da580000,0x00000000dae00000)
 ParOldGen       total 46080K, used 5216K [0x0000000082600000, 0x0000000085300000, 0x00000000d6200000)
  object space 46080K, 11% used [0x0000000082600000,0x0000000082b180a8,0x0000000085300000)
 Metaspace       used 23568K, capacity 24512K, committed 24624K, reserved 1071104K
  class space    used 3107K, capacity 3329K, committed 3376K, reserved 1048576K
}

